{"kind":"agent_message","payload":{"content":"begin investigation of /evidence/DE_1102_security_log_cleared.evtx","role":"supervisor"},"prev_hash":"","seq":0,"ts":"2026-06-20T15:30:45Z"}
{"kind":"tool_call_start","payload":{"arguments":{"image_path":"/evidence/DE_1102_security_log_cleared.evtx","label":"evidence"},"tool":"case_open","tool_call_id":"tc-001"},"prev_hash":"f280b17176daec35ccef7117d0d14a0fbe16823aa948561b25951149c4ee787a","seq":1,"ts":"2026-06-20T15:30:45Z"}
{"kind":"tool_call_output","payload":{"case_id":"d0384d9d-6df6-42f3-973f-931c29bcad9b","evidence_type":"evtx","output_hash":"a0615707b547a2ac254688fd725c3c590f62440fc9b7947c2843dd40498a39e8","size_bytes":1118208,"tool_call_id":"tc-001"},"prev_hash":"402debdaacd7acbe21aa31c79f986120096a9e4385027d0c9657ee2238d880d2","seq":2,"ts":"2026-06-20T15:30:45Z"}
{"kind":"tool_call_start","payload":{"arguments":{"case_id":"d0384d9d-6df6-42f3-973f-931c29bcad9b","evtx_path":"/evidence/DE_1102_security_log_cleared.evtx","limit":500},"tool":"evtx_query","tool_call_id":"tc-002"},"prev_hash":"5441b7aafc852e7a9b256547e903c7bd0cb2678fad274936644b6f8dac22b162","seq":3,"ts":"2026-06-20T15:30:45Z"}
{"kind":"tool_call_output","payload":{"output_hash":"3d3dd69400552c92c939f1635b9ba781c1ed6847109e293e368c57afc52dd800","parse_errors":0,"records_seen":112,"row_count":112,"tool_call_id":"tc-002"},"prev_hash":"7703ceab8af79b015d7d5df1cf9af23504345784d3abaeee1cb7b5bd5e7a60f9","seq":4,"ts":"2026-06-20T15:30:45Z"}
{"kind":"memory_recall","payload":{"hit_count":10,"hits":[{"case_id":"dir-70ca157294e2094d","confidence":0.3915712492286951,"ts":"2026-06-09T04:45:41.176377Z"},{"case_id":"dir-70ca157294e2094d","confidence":0.3915540459162738,"ts":"2026-06-09T04:39:59.537668Z"},{"case_id":"dir-70ca157294e2094d","confidence":0.39154656974634006,"ts":"2026-06-09T04:37:31.064544Z"},{"case_id":"dir-70ca157294e2094d","confidence":0.3915361987021333,"ts":"2026-06-09T04:34:05.095921Z"},{"case_id":"dir-70ca157294e2094d","confidence":0.39152903957597607,"ts":"2026-06-09T04:31:42.912710Z"},{"case_id":"dir-70ca157294e2094d","confidence":0.38931899320112134,"ts":"2026-06-08T16:18:05.726834Z"},{"case_id":"dir-70ca157294e2094d","confidence":0.38929575037199593,"ts":"2026-06-08T16:10:21.476084Z"},{"case_id":"dir-70ca157294e2094d","confidence":0.38928979547254056,"ts":"2026-06-08T16:08:22.528851Z"},{"case_id":"09b5e9d3-08ad-429d-b1dc-b5a3b1c80fd1","confidence":0.3889736676698845,"ts":"2026-06-08T14:23:05.362377Z"},{"case_id":"bf35a765-b8d4-481d-a6c8-2c5905a94a72","confidence":0.3889672368575132,"ts":"2026-06-08T14:20:56.802491Z"}],"kind":null,"query":"T1070.001"},"prev_hash":"cd53907c35b07d94e1baba0f9d0c4010b93387858cbbebd222663beee857550b","seq":5,"ts":"2026-06-20T15:30:45Z"}
{"kind":"acp_handoff","payload":{"acp_version":"1.0","correlation_id":"dispatch-pool-a","from_role":"supervisor","payload":{"findings":1,"hypothesis":"persistence \u2014 the attacker stayed to dig in (T1543/T1547/T1136)"},"to_role":"pool_a","ts":"2026-06-20T15:30:45.970197Z"},"prev_hash":"772a8af5a0008d9322e2e2bb54b63cf58323708f704507da1f552640823808d6","seq":6,"ts":"2026-06-20T15:30:45.970197Z"}
{"kind":"acp_handoff","payload":{"acp_version":"1.0","correlation_id":"dispatch-pool-b","from_role":"supervisor","payload":{"findings":0,"hypothesis":"exfiltration \u2014 the attacker came for data and left (T1041/T1048/T1567)"},"to_role":"pool_b","ts":"2026-06-20T15:30:45.976299Z"},"prev_hash":"97b73769fdbb72954146878b341c76046439049af1891dc3fbd39c194e4e4a05","seq":7,"ts":"2026-06-20T15:30:45.976299Z"}
{"kind":"verifier_action","payload":{"action":"approved","case_id":"d0384d9d-6df6-42f3-973f-931c29bcad9b","finding_id":"f-A-evtx-audit-log-cleared","reason":"tool re-run output_sha256 matches audit log; entailment confirmed from evidence: rows[*]=\"{'event_id': 1102, 'ts': '2019-03-19T23:35:07.524202Z', 'channel': 'Security', 'record_id': 1, 'data': {'Event': {'#attributes': {'xmlns': 'http://schemas.microsoft.com/win/2004/08/events/event'}, 'System': {'Provider': {'#attributes': {'Name': 'Microsoft-Windows-Eventlog', 'Guid': '{fc65ddd8-d6ef-4962-83d5-6e5cfe9ce148}'}}, 'EventID': 1102, 'Version': 0, 'Level': 4, 'Task': 104, 'Opcode': 0, 'Keywords': '0x4020000000000000', 'TimeCreated': {'#attributes': {'SystemTime': '2019-03-19T23:35:07.524202Z'}}, 'EventRecordID': 452811, 'Correlation': None, 'Execution': {'#attributes': {'ProcessID': 812, 'ThreadID': 3916}}, 'Channel': 'Security', 'Computer': 'PC01.example.corp', 'Security': None}, 'UserData': {'LogFileCleared': {'#attributes': {'xmlns:auto-ns3': 'http://schemas.microsoft.com/win/2004/08/events', 'xmlns': 'http://manifests.microsoft.com/win/2004/08/windows/eventlog'}, 'SubjectUserSid': 'S-1-5-21-1587066498-1489273250-1035260531-1106', 'SubjectUserName': 'user01', 'SubjectDomainName': 'EXAMPLE', 'SubjectLogonId': '0x17dad'}}}}}\"","replay_actual_sha256":"3d3dd69400552c92c939f1635b9ba781c1ed6847109e293e368c57afc52dd800","replay_artifact":{"actual_sha256":"3d3dd69400552c92c939f1635b9ba781c1ed6847109e293e368c57afc52dd800","arguments_sha256":"ac6fc7ad2c226b7b3f0d27fe2f3078bc10e7c33f08506e6696a9cabc3a2e8ceb","drift_class":"exact_match","drift_reason":"replay output_sha256 matches audit log","entailment":{"failures":[],"matched":[{"actual":"{'event_id': 1102, 'ts': '2019-03-19T23:35:07.524202Z', 'channel': 'Security', 'record_id': 1, 'data': {'Event': {'#attributes': {'xmlns': 'http://schemas.microsoft.com/win/2004/08/events/event'}, 'System': {'Provider': {'#attributes': {'Name': 'Microsoft-Windows-Eventlog', 'Guid': '{fc65ddd8-d6ef-4962-83d5-6e5cfe9ce148}'}}, 'EventID': 1102, 'Version': 0, 'Level': 4, 'Task': 104, 'Opcode': 0, 'Keywords': '0x4020000000000000', 'TimeCreated': {'#attributes': {'SystemTime': '2019-03-19T23:35:07.524202Z'}}, 'EventRecordID': 452811, 'Correlation': None, 'Execution': {'#attributes': {'ProcessID': 812, 'ThreadID': 3916}}, 'Channel': 'Security', 'Computer': 'PC01.example.corp', 'Security': None}, 'UserData': {'LogFileCleared': {'#attributes': {'xmlns:auto-ns3': 'http://schemas.microsoft.com/win/2004/08/events', 'xmlns': 'http://manifests.microsoft.com/win/2004/08/windows/eventlog'}, 'SubjectUserSid': 'S-1-5-21-1587066498-1489273250-1035260531-1106', 'SubjectUserName': 'user01', 'SubjectDomainName': 'EXAMPLE', 'SubjectLogonId': '0x17dad'}}}}}","expected":"{\"event_id\": \"1102\", \"channel\": \"Security\"}","match":"record","path":"rows[*]"}],"passed":true},"error":null,"expected_sha256":"3d3dd69400552c92c939f1635b9ba781c1ed6847109e293e368c57afc52dd800","matched":true,"replay_tool_call_id":"b73d59e7-99bc-4bc8-b4a3-2b59e5625b52","schema_version":"findevil.replay.v1","tool_call_id":"tc-002","tool_name":"evtx_query","wall_clock_ms":8},"replay_error":null,"replay_expected_sha256":"3d3dd69400552c92c939f1635b9ba781c1ed6847109e293e368c57afc52dd800","replay_matched":true,"replay_record_sha256":"a3afeba70246dcb6c603c10d356feae81a207f01947fbd064be848014ccc594e","replay_tool_name":"evtx_query","verifier_action":"approved"},"prev_hash":"d388a8c618cd016d678940db4947ce613c50abf8f4d17398051e11007ace8971","seq":8,"ts":"2026-06-20T15:30:46Z"}
{"kind":"replay","payload":{"finding_id":"f-A-evtx-audit-log-cleared","force_fresh_replay":false,"legacy_replay":{"replay_actual_sha256":"3d3dd69400552c92c939f1635b9ba781c1ed6847109e293e368c57afc52dd800","replay_artifact":{"actual_sha256":"3d3dd69400552c92c939f1635b9ba781c1ed6847109e293e368c57afc52dd800","arguments_sha256":"ac6fc7ad2c226b7b3f0d27fe2f3078bc10e7c33f08506e6696a9cabc3a2e8ceb","drift_class":"exact_match","drift_reason":"replay output_sha256 matches audit log","entailment":{"failures":[],"matched":[{"actual":"{'event_id': 1102, 'ts': '2019-03-19T23:35:07.524202Z', 'channel': 'Security', 'record_id': 1, 'data': {'Event': {'#attributes': {'xmlns': 'http://schemas.microsoft.com/win/2004/08/events/event'}, 'System': {'Provider': {'#attributes': {'Name': 'Microsoft-Windows-Eventlog', 'Guid': '{fc65ddd8-d6ef-4962-83d5-6e5cfe9ce148}'}}, 'EventID': 1102, 'Version': 0, 'Level': 4, 'Task': 104, 'Opcode': 0, 'Keywords': '0x4020000000000000', 'TimeCreated': {'#attributes': {'SystemTime': '2019-03-19T23:35:07.524202Z'}}, 'EventRecordID': 452811, 'Correlation': None, 'Execution': {'#attributes': {'ProcessID': 812, 'ThreadID': 3916}}, 'Channel': 'Security', 'Computer': 'PC01.example.corp', 'Security': None}, 'UserData': {'LogFileCleared': {'#attributes': {'xmlns:auto-ns3': 'http://schemas.microsoft.com/win/2004/08/events', 'xmlns': 'http://manifests.microsoft.com/win/2004/08/windows/eventlog'}, 'SubjectUserSid': 'S-1-5-21-1587066498-1489273250-1035260531-1106', 'SubjectUserName': 'user01', 'SubjectDomainName': 'EXAMPLE', 'SubjectLogonId': '0x17dad'}}}}}","expected":"{\"event_id\": \"1102\", \"channel\": \"Security\"}","match":"record","path":"rows[*]"}],"passed":true},"error":null,"expected_sha256":"3d3dd69400552c92c939f1635b9ba781c1ed6847109e293e368c57afc52dd800","matched":true,"replay_tool_call_id":"b73d59e7-99bc-4bc8-b4a3-2b59e5625b52","schema_version":"findevil.replay.v1","tool_call_id":"tc-002","tool_name":"evtx_query","wall_clock_ms":8},"replay_error":null,"replay_expected_sha256":"3d3dd69400552c92c939f1635b9ba781c1ed6847109e293e368c57afc52dd800","replay_matched":true,"replay_record_sha256":"a3afeba70246dcb6c603c10d356feae81a207f01947fbd064be848014ccc594e","replay_tool_name":"evtx_query"},"replay_artifact":{"actual_sha256":"3d3dd69400552c92c939f1635b9ba781c1ed6847109e293e368c57afc52dd800","arguments_sha256":"ac6fc7ad2c226b7b3f0d27fe2f3078bc10e7c33f08506e6696a9cabc3a2e8ceb","drift_class":"exact_match","drift_reason":"replay output_sha256 matches audit log","entailment":{"failures":[],"matched":[{"actual":"{'event_id': 1102, 'ts': '2019-03-19T23:35:07.524202Z', 'channel': 'Security', 'record_id': 1, 'data': {'Event': {'#attributes': {'xmlns': 'http://schemas.microsoft.com/win/2004/08/events/event'}, 'System': {'Provider': {'#attributes': {'Name': 'Microsoft-Windows-Eventlog', 'Guid': '{fc65ddd8-d6ef-4962-83d5-6e5cfe9ce148}'}}, 'EventID': 1102, 'Version': 0, 'Level': 4, 'Task': 104, 'Opcode': 0, 'Keywords': '0x4020000000000000', 'TimeCreated': {'#attributes': {'SystemTime': '2019-03-19T23:35:07.524202Z'}}, 'EventRecordID': 452811, 'Correlation': None, 'Execution': {'#attributes': {'ProcessID': 812, 'ThreadID': 3916}}, 'Channel': 'Security', 'Computer': 'PC01.example.corp', 'Security': None}, 'UserData': {'LogFileCleared': {'#attributes': {'xmlns:auto-ns3': 'http://schemas.microsoft.com/win/2004/08/events', 'xmlns': 'http://manifests.microsoft.com/win/2004/08/windows/eventlog'}, 'SubjectUserSid': 'S-1-5-21-1587066498-1489273250-1035260531-1106', 'SubjectUserName': 'user01', 'SubjectDomainName': 'EXAMPLE', 'SubjectLogonId': '0x17dad'}}}}}","expected":"{\"event_id\": \"1102\", \"channel\": \"Security\"}","match":"record","path":"rows[*]"}],"passed":true},"error":null,"expected_sha256":"3d3dd69400552c92c939f1635b9ba781c1ed6847109e293e368c57afc52dd800","matched":true,"replay_tool_call_id":"b73d59e7-99bc-4bc8-b4a3-2b59e5625b52","schema_version":"findevil.replay.v1","tool_call_id":"tc-002","tool_name":"evtx_query","wall_clock_ms":8},"replay_record_sha256":"a3afeba70246dcb6c603c10d356feae81a207f01947fbd064be848014ccc594e"},"prev_hash":"3a9cf1137c5561ed0143f1bbfe63d57952f1a7fd84e664e1244ac6db83a01aa8","seq":9,"ts":"2026-06-20T15:30:46Z"}
{"kind":"acp_handoff","payload":{"acp_version":"1.0","correlation_id":"f-A-evtx-audit-log-cleared","from_role":"verifier","payload":{"action":"approved","finding_id":"f-A-evtx-audit-log-cleared","reason":"tool re-run output_sha256 matches audit log; entailment confirmed from evidence: rows[*]=\"{'event_id': 1102, 'ts': '2019-03-19T23:35:07.524202Z', 'channel': 'Security', 'record_id': 1, 'data': {'Event': {'#attributes': {'xmlns': 'http://schemas.microsoft.com/win/2004/08/events/event'}, 'System': {'Provider': {'#attributes': {'Name': 'Microsoft-Windows-Eventlog', 'Guid': '{fc65ddd8-d6ef-4962-83d5-6e5cfe9ce148}'}}, 'EventID': 1102, 'Version': 0, 'Level': 4, 'Task': 104, 'Opcode': 0, 'Keywords': '0x4020000000000000', 'TimeCreated': {'#attributes': {'SystemTime': '2019-03-19T23:35:07.524202Z'}}, 'EventRecordID': 452811, 'Correlation': None, 'Execution': {'#attributes': {'ProcessID': 812, 'ThreadID': 3916}}, 'Channel': 'Security', 'Computer': 'PC01.example.corp', 'Security': None}, 'UserData': {'LogFileCleared': {'#attributes': {'xmlns:auto-ns3': 'http://schemas.microsoft.com/win/2004/08/events', 'xmlns': 'http://manifests.microsoft.com/win/2004/08/windows/eventlog'}, 'SubjectUserSid': 'S-1-5-21-1587066498-1489273250-1035260531-1106', 'SubjectUserName': 'user01', 'SubjectDomainName': 'EXAMPLE', 'SubjectLogonId': '0x17dad'}}}}}\"","replay_record_sha256":"a3afeba70246dcb6c603c10d356feae81a207f01947fbd064be848014ccc594e"},"to_role":"judge","ts":"2026-06-20T15:30:46.008554Z"},"prev_hash":"c15fe00df0a2cb697379b69b6de39d7ecff10617e8715f19f93ea5d64cc9f380","seq":10,"ts":"2026-06-20T15:30:46.008554Z"}
{"kind":"acp_handoff","payload":{"acp_version":"1.0","correlation_id":"merge-pool-a","from_role":"pool_a","payload":{"findings":1},"to_role":"judge","ts":"2026-06-20T15:30:46.012030Z"},"prev_hash":"420d76697e66dcf3ef7be54ce86538415c2e258701d643532f6a2b7a98a7a6be","seq":11,"ts":"2026-06-20T15:30:46.012030Z"}
{"kind":"acp_handoff","payload":{"acp_version":"1.0","correlation_id":"merge-pool-b","from_role":"pool_b","payload":{"findings":0},"to_role":"judge","ts":"2026-06-20T15:30:46.015402Z"},"prev_hash":"542f0d7436d22f68bca8315c8dc302909a429029d145d05a580169c1e5d10306","seq":12,"ts":"2026-06-20T15:30:46.015402Z"}
{"kind":"correlation_outcomes","payload":{"downgraded":0,"kept":1,"outcomes":[{"action":"kept","finding_id":"f-A-evtx-audit-log-cleared","reason":"non-execution claim"}]},"prev_hash":"b41a3e4d8380169da68450ea185fb152ee8749ea952503a50bba7e3ebac16256","seq":13,"ts":"2026-06-20T15:30:46Z"}
{"kind":"agent_message","payload":{"content":"verdict SUSPICIOUS: 1 merged finding(s) \u2014 1 CONFIRMED / 0 INFERRED / 0 HYPOTHESIS.","role":"supervisor"},"prev_hash":"3190a34287481d537feb4cf47e3fbea3c3299a2dbe6b109104ad56e9fa95a92a","seq":14,"ts":"2026-06-20T15:30:46Z"}
{"kind":"report_qa","payload":{"customer_releasable":false,"customer_release_candidate":false,"expert_decision":"pending","expert_signoff_required":true,"failed_checks":[],"packet_state":"EXPERT_REVIEW_DRAFT","ready_for_customer_pdf":false,"ready_for_expert_signoff":true,"report_qa":{"checks":[{"check_id":"finding_tool_call_required","evidence":["tc-001","tc-002"],"status":"PASS","summary":"All 1 Finding(s) cite current-case tool calls."},{"check_id":"execution_requires_two_current_artifact_classes","evidence":["evtx"],"status":"PASS","summary":"No unsupported execution wording detected, or current-case corroboration is broad enough for expert review."},{"check_id":"exfiltration_requires_staging_and_movement","evidence":[],"status":"PASS","summary":"No unsupported exfiltration claim detected."},{"check_id":"disk_auto_mode_custody_only","evidence":[],"status":"PASS","summary":"No custody-only disk overclaim detected."},{"check_id":"no_evil_is_scoped","evidence":[],"status":"PASS","summary":"Verdict wording remains scoped to supplied evidence."},{"check_id":"timeline_source_refs_present","evidence":[],"status":"PASS","summary":"Timeline includes 112 normalized event(s) with source references."},{"check_id":"verify_finding_replay_failures","evidence":[],"status":"PASS","summary":"No verifier replay failures were recorded as analysis limitations."},{"check_id":"verify_finding_replay_embedded","evidence":[],"status":"PASS","summary":"Every Finding carries embedded verifier replay evidence, or there are no Findings to replay."},{"check_id":"limitations_visible","evidence":[],"status":"PASS","summary":"No run-specific analysis limitations were recorded."},{"check_id":"no_forbidden_unqualified_language","evidence":[],"status":"PASS","summary":"No forbidden unqualified language detected in Findings or customer-visible report text."},{"check_id":"attack_coverage_blind_spots","evidence":["blind_spots=7"],"status":"WARN","summary":"ATT&CK coverage includes blind spots that require expert awareness."}],"customer_releasable":false,"customer_release_blockers":["explicit human expert approval is required before customer release","ATT&CK coverage includes blind spots that require expert awareness."],"customer_release_candidate":false,"expert_decision":"pending","expert_signoff_required":true,"packet_state":"EXPERT_REVIEW_DRAFT","ready_for_customer_pdf":false,"ready_for_expert_signoff":true,"recommended_expert_review_time":"30-60 minutes","rules_source":["agent-config/SOUL.md","agent-config/MEMORY.md","agent-config/PLAYBOOK.md","agent-config/EXPERT.md"],"status":"WARN","version":1,"why_not_ready":["ATT&CK coverage includes blind spots that require expert awareness."]},"report_qa_sha256":"58c619e0577d9cf074b9331c246d4ed3e77e6f872980511c8757516cab648fe0","status":"WARN","warning_checks":["attack_coverage_blind_spots"]},"prev_hash":"d70902cc5e455a2d26686707b99c45d9d946a14ca79f1466c44eb09589c0ee29","seq":15,"ts":"2026-06-20T15:30:46Z"}
{"kind":"customer_release_gate","payload":{"customer_releasable":false,"customer_release_candidate":false,"expert_approved":false,"expert_decision":"pending","expert_signoff_required":true,"failed_checks":[],"machine_qa_passed":false,"manifest_signature_present":false,"manifest_verified":false,"packet_state":"EXPERT_REVIEW_DRAFT","qa_status":"WARN","ready_for_customer_pdf":false,"release_blockers":["ATT&CK coverage includes blind spots that require expert awareness.","customer release requires an effective manifest_finalize signer=sigstore (identity + transparency log); ed25519 proves integrity offline but not identity, and stub signatures are dev/offline only","explicit human expert approval is required before customer release","finalized manifest signature metadata must be present before customer release","manifest_verify must pass before customer release"],"report_qa_sha256":"58c619e0577d9cf074b9331c246d4ed3e77e6f872980511c8757516cab648fe0","report_render_allowed":true,"signer":"ed25519","signer_customer_release_ok":false,"signer_effective":"ed25519","warning_checks":["attack_coverage_blind_spots"]},"prev_hash":"23a9acf30eb65e8699799f73c039134a3e1c387d4a76f3e955b218f02f61a315","seq":16,"ts":"2026-06-20T15:30:46Z"}
{"kind":"finding_approved","payload":{"confidence":"CONFIRMED","finding":{"analyst_note":"Clearing the Windows Security log removes the local record of activity before it \u2014 a defense-evasion / anti-forensics act. Event 1102 is itself written AFTER the clear, so the action is recorded even though what it erased is not; the interval before this record is the blind window.","artifact_offset":null,"artifact_path":"/evidence/DE_1102_security_log_cleared.evtx","asserted_values":[{"expected":"{\"event_id\": \"1102\", \"channel\": \"Security\"}","match":"record","path":"rows[*]"}],"case_id":"d0384d9d-6df6-42f3-973f-931c29bcad9b","confidence":"CONFIRMED","derived_from":null,"description":"EVTX contains Security EID 1102 audit-log clear event (record 1); this is confirmed event-log evidence of log clearing and requires analyst review.","event_id":"79a49130-64ca-4e1a-b628-5849b5c03481","event_type":"Finding","finding_id":"f-A-evtx-audit-log-cleared","host":"PC01.example.corp","hunt":"Security 1102 (security-log clearing) and 4719 (audit-policy change); EventRecordID gaps immediately before the 1102","mitre_technique":"T1070.001","named_technique":"Security event-log clearing / anti-forensics (T1070.001)","next_pivot":"Recover the erased window from WEF/SIEM-forwarded copies, EDR telemetry, or a VSS/backup of the EVTX predating it; check 4719 (audit-policy change) and the account's other logons around this time.","pool_origin":"A","prior_observations":[{"case_id":"dir-70ca157294e2094d","confidence":0.3915712492286951,"ts":"2026-06-09T04:45:41.176377Z"},{"case_id":"dir-70ca157294e2094d","confidence":0.3915540459162738,"ts":"2026-06-09T04:39:59.537668Z"},{"case_id":"dir-70ca157294e2094d","confidence":0.39154656974634006,"ts":"2026-06-09T04:37:31.064544Z"},{"case_id":"dir-70ca157294e2094d","confidence":0.3915361987021333,"ts":"2026-06-09T04:34:05.095921Z"},{"case_id":"dir-70ca157294e2094d","confidence":0.39152903957597607,"ts":"2026-06-09T04:31:42.912710Z"},{"case_id":"dir-70ca157294e2094d","confidence":0.38931899320112134,"ts":"2026-06-08T16:18:05.726834Z"},{"case_id":"dir-70ca157294e2094d","confidence":0.38929575037199593,"ts":"2026-06-08T16:10:21.476084Z"},{"case_id":"dir-70ca157294e2094d","confidence":0.38928979547254056,"ts":"2026-06-08T16:08:22.528851Z"},{"case_id":"09b5e9d3-08ad-429d-b1dc-b5a3b1c80fd1","confidence":0.3889736676698845,"ts":"2026-06-08T14:23:05.362377Z"},{"case_id":"bf35a765-b8d4-481d-a6c8-2c5905a94a72","confidence":0.3889672368575132,"ts":"2026-06-08T14:20:56.802491Z"}],"replay_actual_sha256":"3d3dd69400552c92c939f1635b9ba781c1ed6847109e293e368c57afc52dd800","replay_artifact":{"actual_sha256":"3d3dd69400552c92c939f1635b9ba781c1ed6847109e293e368c57afc52dd800","arguments_sha256":"ac6fc7ad2c226b7b3f0d27fe2f3078bc10e7c33f08506e6696a9cabc3a2e8ceb","drift_class":"exact_match","drift_reason":"replay output_sha256 matches audit log","entailment":{"failures":[],"matched":[{"actual":"{'event_id': 1102, 'ts': '2019-03-19T23:35:07.524202Z', 'channel': 'Security', 'record_id': 1, 'data': {'Event': {'#attributes': {'xmlns': 'http://schemas.microsoft.com/win/2004/08/events/event'}, 'System': {'Provider': {'#attributes': {'Name': 'Microsoft-Windows-Eventlog', 'Guid': '{fc65ddd8-d6ef-4962-83d5-6e5cfe9ce148}'}}, 'EventID': 1102, 'Version': 0, 'Level': 4, 'Task': 104, 'Opcode': 0, 'Keywords': '0x4020000000000000', 'TimeCreated': {'#attributes': {'SystemTime': '2019-03-19T23:35:07.524202Z'}}, 'EventRecordID': 452811, 'Correlation': None, 'Execution': {'#attributes': {'ProcessID': 812, 'ThreadID': 3916}}, 'Channel': 'Security', 'Computer': 'PC01.example.corp', 'Security': None}, 'UserData': {'LogFileCleared': {'#attributes': {'xmlns:auto-ns3': 'http://schemas.microsoft.com/win/2004/08/events', 'xmlns': 'http://manifests.microsoft.com/win/2004/08/windows/eventlog'}, 'SubjectUserSid': 'S-1-5-21-1587066498-1489273250-1035260531-1106', 'SubjectUserName': 'user01', 'SubjectDomainName': 'EXAMPLE', 'SubjectLogonId': '0x17dad'}}}}}","expected":"{\"event_id\": \"1102\", \"channel\": \"Security\"}","match":"record","path":"rows[*]"}],"passed":true},"error":null,"expected_sha256":"3d3dd69400552c92c939f1635b9ba781c1ed6847109e293e368c57afc52dd800","matched":true,"replay_tool_call_id":"b73d59e7-99bc-4bc8-b4a3-2b59e5625b52","schema_version":"findevil.replay.v1","tool_call_id":"tc-002","tool_name":"evtx_query","wall_clock_ms":8},"replay_error":null,"replay_expected_sha256":"3d3dd69400552c92c939f1635b9ba781c1ed6847109e293e368c57afc52dd800","replay_matched":true,"replay_record_sha256":"a3afeba70246dcb6c603c10d356feae81a207f01947fbd064be848014ccc594e","replay_tool_name":"evtx_query","tool_call_id":"tc-002","ts":"2026-06-20T15:30:46Z","verifier_action":"approved"},"finding_id":"f-A-evtx-audit-log-cleared","finding_sha256":"1a95fb7f1fec161f33ca748da32dd82448e4a1fdd4a8f14450175a59ee638704","tool_call_id":"tc-002"},"prev_hash":"2d4c4e4ce06e93fdd0148a860922835e251b3171a7460aa216fb6d6159a5c49b","seq":17,"ts":"2026-06-20T15:30:46Z"}
{"kind":"memory_remember","payload":{"case_id":"d0384d9d-6df6-42f3-973f-931c29bcad9b","key":"T1070.001","kind":"finding_summary","sha256":"sha256:e148b500dc5cddc24359dcc5104d70d0846a31c8c62929829f7324a3e9a76be5"},"prev_hash":"d33f82c335a65ae4a7e7707c9877024bb85c35b372639cc0862bc382b90fffda","seq":18,"ts":"2026-06-20T15:30:46Z"}
{"kind":"verdict_artifact","payload":{"byte_count":157384,"path":"verdict.json","sha256":"53c82e08a7629ca315593426ba3637919cfde79087d306ba499a840c2666b50a"},"prev_hash":"5cf7a29fe5a6219663e5a9a27824a878990092a2cfcf6a007a67de7b8d79fdbb","seq":19,"ts":"2026-06-20T15:30:46Z"}
{"kind":"expert_signoff_packet","payload":{"expert_signoff":{"customer_releasable":false,"decision":"pending","expert_miss_summary":{"by_type":{},"items":[],"ledger_path":"expert_misses.jsonl","summary":"Expert misses captured this case: 0 (uncaptured edits are a QA defect; see EXPERT.md Replacement metric).","total":0},"feedback_items":[],"referenced_hashes":{"release_gate_sha256":"52e815768536f6e14f86db4114757a70b7fac8849e07f98d8717acf659811d25","report_qa_sha256":"58c619e0577d9cf074b9331c246d4ed3e77e6f872980511c8757516cab648fe0","run_manifest_sha256":null,"verdict_artifact_sha256":"53c82e08a7629ca315593426ba3637919cfde79087d306ba499a840c2666b50a","verdict_packet_sha256":"3e5f108cdf4a014de027aa671edc2a407107983ceb17c8c642cbcb5abdd048b9"},"referenced_paths":{"run_manifest":"run.manifest.json","verdict":"verdict.json"},"release_blockers":["ATT&CK coverage includes blind spots that require expert awareness.","customer release requires an effective manifest_finalize signer=sigstore (identity + transparency log); ed25519 proves integrity offline but not identity, and stub signatures are dev/offline only","explicit human expert approval is required before customer release","finalized manifest signature metadata must be present before customer release","manifest_verify must pass before customer release"],"release_conditions":{"expert_approved":false,"machine_qa_passed":false,"sigstore_signer":false},"required_before_customer_release":true,"review_time_minutes":null,"reviewed_at":null,"reviewer_identity":null,"signoff_question":"Would I send this report to a company without rewriting it?","status":"PENDING_EXPERT_REVIEW","version":1},"expert_signoff_sha256":"5ee6c8155eab51fb4f93ee52833719279007b48b127a287e7aa4664f1724d413"},"prev_hash":"9ba9f93bff45b9b76a83d79816c0529c042afc03495a14c4039af16e44472cdd","seq":20,"ts":"2026-06-20T15:30:46Z"}
{"kind":"verdict_packet","payload":{"customer_releasable":false,"customer_release_candidate":false,"expert_signoff_packet_sha256":"5ee6c8155eab51fb4f93ee52833719279007b48b127a287e7aa4664f1724d413","final_finding_ids":["f-A-evtx-audit-log-cleared"],"packet_state":"EXPERT_REVIEW_DRAFT","release_gate_sha256":"52e815768536f6e14f86db4114757a70b7fac8849e07f98d8717acf659811d25","report_qa_sha256":"58c619e0577d9cf074b9331c246d4ed3e77e6f872980511c8757516cab648fe0","verdict_artifact_bytes":157384,"verdict_artifact_path":"verdict.json","verdict_artifact_sha256":"53c82e08a7629ca315593426ba3637919cfde79087d306ba499a840c2666b50a","verdict_packet_sha256":"3e5f108cdf4a014de027aa671edc2a407107983ceb17c8c642cbcb5abdd048b9"},"prev_hash":"15671980df57587a0a72d9d8f95176d08f22fdcd73d45e30e349e48b30cb28ec","seq":21,"ts":"2026-06-20T15:30:46Z"}
